0 info it worked if it ends with ok
1 verbose cli [ 'C:\\Program Files\\nodejs\\node.exe',
1 verbose cli   'C:\\Program Files\\nodejs\\node_modules\\npm\\bin\\npm-cli.js',
1 verbose cli   'run',
1 verbose cli   'scss-compile' ]
2 info using npm@3.10.10
3 info using node@v6.10.3
4 verbose run-script [ 'prescss-compile', 'scss-compile', 'postscss-compile' ]
5 info lifecycle curso-alura-site@0.0.1~prescss-compile: curso-alura-site@0.0.1
6 silly lifecycle curso-alura-site@0.0.1~prescss-compile: no script for prescss-compile, continuing
7 info lifecycle curso-alura-site@0.0.1~scss-compile: curso-alura-site@0.0.1
8 verbose lifecycle curso-alura-site@0.0.1~scss-compile: unsafe-perm in lifecycle true
9 verbose lifecycle curso-alura-site@0.0.1~scss-compile: PATH: C:\Program Files\nodejs\node_modules\npm\bin\node-gyp-bin;C:\xampp\htdocs\Front-End-Test\node_modules\.bin;C:\Program Files\nodejs\node_modules\npm\bin\node-gyp-bin;C:\xampp\htdocs\Front-End-Test\node_modules\.bin;C:\Program Files (x86)\Common Files\Intel\Shared Files\cpp\bin\Intel64;C:\WINDOWS\system32;C:\WINDOWS;C:\WINDOWS\System32\Wbem;C:\WINDOWS\System32\WindowsPowerShell\v1.0\;C:\Program Files\nodejs\;C:\Program Files\Git\cmd;C:\xampp\php;C:\ProgramData\ComposerSetup\bin;C:\Users\Rodrigo\AppData\Local\Microsoft\WindowsApps;C:\Users\Rodrigo\AppData\Roaming\npm;C:\Program Files (x86)\Microsoft VS Code\bin;C:\Python27;C:\Users\Rodrigo\AppData\Roaming\Composer\vendor\bin
10 verbose lifecycle curso-alura-site@0.0.1~scss-compile: CWD: C:\xampp\htdocs\Front-End-Test
11 silly lifecycle curso-alura-site@0.0.1~scss-compile: Args: [ '/d /s /c',
11 silly lifecycle   'node-sass -rw src/assets/scss -o src/assets/css' ]
12 verbose stack Error: kill ENOSYS
12 verbose stack     at exports._errnoException (util.js:1018:11)
12 verbose stack     at process.kill (internal/process.js:190:13)
12 verbose stack     at process.listener (C:\Program Files\nodejs\node_modules\npm\node_modules\npmlog\node_modules\gauge\node_modules\signal-exit\index.js:86:15)
12 verbose stack     at emitNone (events.js:91:20)
12 verbose stack     at process.emit (events.js:185:7)
12 verbose stack     at processEmit (C:\Program Files\nodejs\node_modules\npm\node_modules\npmlog\node_modules\gauge\node_modules\signal-exit\index.js:146:32)
12 verbose stack     at processEmit (C:\Program Files\nodejs\node_modules\npm\node_modules\npm-registry-client\node_modules\npmlog\node_modules\gauge\node_modules\signal-exit\index.js:146:32)
12 verbose stack     at Signal.wrap.onsignal (internal/process.js:217:44)
13 verbose cwd C:\xampp\htdocs\Front-End-Test
14 error Windows_NT 10.0.15063
15 error argv "C:\\Program Files\\nodejs\\node.exe" "C:\\Program Files\\nodejs\\node_modules\\npm\\bin\\npm-cli.js" "run" "scss-compile"
16 error node v6.10.3
17 error npm  v3.10.10
18 error code ENOSYS
19 error errno ENOSYS
20 error syscall kill
21 error kill ENOSYS
22 error If you need help, you may report this error at:
22 error     <https://github.com/npm/npm/issues>
23 verbose exit [ 1, true ]
